c:\users\lsffa\source\repos\learningengine\learningengine\x64\debug\vc143.pdb
c:\users\lsffa\source\repos\learningengine\learningengine\x64\debug\vc143.idb
c:\users\lsffa\source\repos\learningengine\learningengine\x64\debug\window.obj
c:\users\lsffa\source\repos\learningengine\learningengine\x64\debug\timer.obj
c:\users\lsffa\source\repos\learningengine\learningengine\x64\debug\main.obj
c:\users\lsffa\source\repos\learningengine\learningengine\x64\debug\input.obj
c:\users\lsffa\source\repos\learningengine\learningengine\x64\debug\game.obj
c:\users\lsffa\source\repos\learningengine\learningengine\x64\debug\engine.obj
c:\users\lsffa\source\repos\learningengine\learningengine\x64\debug\app.obj
c:\users\lsffa\source\repos\learningengine\x64\debug\learningengine.pdb
c:\users\lsffa\source\repos\learningengine\learningengine\x64\debug\learningengine.tlog\cl.command.1.tlog
c:\users\lsffa\source\repos\learningengine\learningengine\x64\debug\learningengine.tlog\cl.read.1.tlog
c:\users\lsffa\source\repos\learningengine\learningengine\x64\debug\learningengine.tlog\cl.write.1.tlog
c:\users\lsffa\source\repos\learningengine\learningengine\x64\debug\learningengine.tlog\link-cvtres.read.1.tlog
c:\users\lsffa\source\repos\learningengine\learningengine\x64\debug\learningengine.tlog\link-cvtres.write.1.tlog
c:\users\lsffa\source\repos\learningengine\learningengine\x64\debug\learningengine.tlog\link-rc.read.1.tlog
c:\users\lsffa\source\repos\learningengine\learningengine\x64\debug\learningengine.tlog\link-rc.write.1.tlog
c:\users\lsffa\source\repos\learningengine\learningengine\x64\debug\learningengine.tlog\link.command.1.tlog
c:\users\lsffa\source\repos\learningengine\learningengine\x64\debug\learningengine.tlog\link.read.1.tlog
c:\users\lsffa\source\repos\learningengine\learningengine\x64\debug\learningengine.tlog\link.read.2.tlog
c:\users\lsffa\source\repos\learningengine\learningengine\x64\debug\learningengine.tlog\link.write.1.tlog
